<?xml version="1.0" encoding="UTF-8"?>
<testsuite xmlns:xsi="http://www.w3.org/2001/XMLSchema-instance" xsi:noNamespaceSchemaLocation="https://maven.apache.org/surefire/maven-surefire-plugin/xsd/surefire-test-report.xsd" name="edu.kalum.workerenrollment.core.WorkerEnrollmentApplicationTests" time="3.513" tests="1" errors="0" skipped="0" failures="0">
  <properties>
    <property name="gopherProxySet" value="false"/>
    <property name="awt.toolkit" value="sun.lwawt.macosx.LWCToolkit"/>
    <property name="file.encoding.pkg" value="sun.io"/>
    <property name="java.specification.version" value="1.8"/>
    <property name="sun.cpu.isalist" value=""/>
    <property name="sun.jnu.encoding" value="UTF-8"/>
    <property name="java.class.path" value="/Users/edwintumax/Documents/kinal/java/prod/WorkerEnrollment/target/test-classes:/Users/edwintumax/Documents/kinal/java/prod/WorkerEnrollment/target/classes:/Users/edwintumax/.m2/repository/org/springframework/boot/spring-boot-starter-web/2.6.7/spring-boot-starter-web-2.6.7.jar:/Users/edwintumax/.m2/repository/org/springframework/boot/spring-boot-starter/2.6.7/spring-boot-starter-2.6.7.jar:/Users/edwintumax/.m2/repository/org/springframework/boot/spring-boot/2.6.7/spring-boot-2.6.7.jar:/Users/edwintumax/.m2/repository/org/springframework/boot/spring-boot-autoconfigure/2.6.7/spring-boot-autoconfigure-2.6.7.jar:/Users/edwintumax/.m2/repository/org/springframework/boot/spring-boot-starter-logging/2.6.7/spring-boot-starter-logging-2.6.7.jar:/Users/edwintumax/.m2/repository/ch/qos/logback/logback-classic/1.2.11/logback-classic-1.2.11.jar:/Users/edwintumax/.m2/repository/ch/qos/logback/logback-core/1.2.11/logback-core-1.2.11.jar:/Users/edwintumax/.m2/repository/org/apache/logging/log4j/log4j-to-slf4j/2.17.2/log4j-to-slf4j-2.17.2.jar:/Users/edwintumax/.m2/repository/org/apache/logging/log4j/log4j-api/2.17.2/log4j-api-2.17.2.jar:/Users/edwintumax/.m2/repository/org/slf4j/jul-to-slf4j/1.7.36/jul-to-slf4j-1.7.36.jar:/Users/edwintumax/.m2/repository/jakarta/annotation/jakarta.annotation-api/1.3.5/jakarta.annotation-api-1.3.5.jar:/Users/edwintumax/.m2/repository/org/yaml/snakeyaml/1.29/snakeyaml-1.29.jar:/Users/edwintumax/.m2/repository/org/springframework/boot/spring-boot-starter-json/2.6.7/spring-boot-starter-json-2.6.7.jar:/Users/edwintumax/.m2/repository/com/fasterxml/jackson/core/jackson-databind/2.13.2.1/jackson-databind-2.13.2.1.jar:/Users/edwintumax/.m2/repository/com/fasterxml/jackson/core/jackson-annotations/2.13.2/jackson-annotations-2.13.2.jar:/Users/edwintumax/.m2/repository/com/fasterxml/jackson/datatype/jackson-datatype-jdk8/2.13.2/jackson-datatype-jdk8-2.13.2.jar:/Users/edwintumax/.m2/repository/com/fasterxml/jackson/datatype/jackson-datatype-jsr310/2.13.2/jackson-datatype-jsr310-2.13.2.jar:/Users/edwintumax/.m2/repository/com/fasterxml/jackson/module/jackson-module-parameter-names/2.13.2/jackson-module-parameter-names-2.13.2.jar:/Users/edwintumax/.m2/repository/org/springframework/boot/spring-boot-starter-tomcat/2.6.7/spring-boot-starter-tomcat-2.6.7.jar:/Users/edwintumax/.m2/repository/org/apache/tomcat/embed/tomcat-embed-core/9.0.62/tomcat-embed-core-9.0.62.jar:/Users/edwintumax/.m2/repository/org/apache/tomcat/embed/tomcat-embed-el/9.0.62/tomcat-embed-el-9.0.62.jar:/Users/edwintumax/.m2/repository/org/apache/tomcat/embed/tomcat-embed-websocket/9.0.62/tomcat-embed-websocket-9.0.62.jar:/Users/edwintumax/.m2/repository/org/springframework/spring-web/5.3.19/spring-web-5.3.19.jar:/Users/edwintumax/.m2/repository/org/springframework/spring-beans/5.3.19/spring-beans-5.3.19.jar:/Users/edwintumax/.m2/repository/org/springframework/spring-webmvc/5.3.19/spring-webmvc-5.3.19.jar:/Users/edwintumax/.m2/repository/org/springframework/spring-aop/5.3.19/spring-aop-5.3.19.jar:/Users/edwintumax/.m2/repository/org/springframework/spring-context/5.3.19/spring-context-5.3.19.jar:/Users/edwintumax/.m2/repository/org/springframework/spring-expression/5.3.19/spring-expression-5.3.19.jar:/Users/edwintumax/.m2/repository/org/projectlombok/lombok/1.18.24/lombok-1.18.24.jar:/Users/edwintumax/.m2/repository/org/springframework/boot/spring-boot-starter-test/2.6.7/spring-boot-starter-test-2.6.7.jar:/Users/edwintumax/.m2/repository/org/springframework/boot/spring-boot-test/2.6.7/spring-boot-test-2.6.7.jar:/Users/edwintumax/.m2/repository/org/springframework/boot/spring-boot-test-autoconfigure/2.6.7/spring-boot-test-autoconfigure-2.6.7.jar:/Users/edwintumax/.m2/repository/com/jayway/jsonpath/json-path/2.6.0/json-path-2.6.0.jar:/Users/edwintumax/.m2/repository/net/minidev/json-smart/2.4.8/json-smart-2.4.8.jar:/Users/edwintumax/.m2/repository/net/minidev/accessors-smart/2.4.8/accessors-smart-2.4.8.jar:/Users/edwintumax/.m2/repository/org/ow2/asm/asm/9.1/asm-9.1.jar:/Users/edwintumax/.m2/repository/jakarta/xml/bind/jakarta.xml.bind-api/2.3.3/jakarta.xml.bind-api-2.3.3.jar:/Users/edwintumax/.m2/repository/jakarta/activation/jakarta.activation-api/1.2.2/jakarta.activation-api-1.2.2.jar:/Users/edwintumax/.m2/repository/org/assertj/assertj-core/3.21.0/assertj-core-3.21.0.jar:/Users/edwintumax/.m2/repository/org/hamcrest/hamcrest/2.2/hamcrest-2.2.jar:/Users/edwintumax/.m2/repository/org/junit/jupiter/junit-jupiter/5.8.2/junit-jupiter-5.8.2.jar:/Users/edwintumax/.m2/repository/org/junit/jupiter/junit-jupiter-api/5.8.2/junit-jupiter-api-5.8.2.jar:/Users/edwintumax/.m2/repository/org/opentest4j/opentest4j/1.2.0/opentest4j-1.2.0.jar:/Users/edwintumax/.m2/repository/org/junit/platform/junit-platform-commons/1.8.2/junit-platform-commons-1.8.2.jar:/Users/edwintumax/.m2/repository/org/apiguardian/apiguardian-api/1.1.2/apiguardian-api-1.1.2.jar:/Users/edwintumax/.m2/repository/org/junit/jupiter/junit-jupiter-params/5.8.2/junit-jupiter-params-5.8.2.jar:/Users/edwintumax/.m2/repository/org/junit/jupiter/junit-jupiter-engine/5.8.2/junit-jupiter-engine-5.8.2.jar:/Users/edwintumax/.m2/repository/org/junit/platform/junit-platform-engine/1.8.2/junit-platform-engine-1.8.2.jar:/Users/edwintumax/.m2/repository/org/mockito/mockito-core/4.0.0/mockito-core-4.0.0.jar:/Users/edwintumax/.m2/repository/net/bytebuddy/byte-buddy/1.11.22/byte-buddy-1.11.22.jar:/Users/edwintumax/.m2/repository/net/bytebuddy/byte-buddy-agent/1.11.22/byte-buddy-agent-1.11.22.jar:/Users/edwintumax/.m2/repository/org/objenesis/objenesis/3.2/objenesis-3.2.jar:/Users/edwintumax/.m2/repository/org/mockito/mockito-junit-jupiter/4.0.0/mockito-junit-jupiter-4.0.0.jar:/Users/edwintumax/.m2/repository/org/skyscreamer/jsonassert/1.5.0/jsonassert-1.5.0.jar:/Users/edwintumax/.m2/repository/com/vaadin/external/google/android-json/0.0.20131108.vaadin1/android-json-0.0.20131108.vaadin1.jar:/Users/edwintumax/.m2/repository/org/springframework/spring-core/5.3.19/spring-core-5.3.19.jar:/Users/edwintumax/.m2/repository/org/springframework/spring-jcl/5.3.19/spring-jcl-5.3.19.jar:/Users/edwintumax/.m2/repository/org/springframework/spring-test/5.3.19/spring-test-5.3.19.jar:/Users/edwintumax/.m2/repository/org/xmlunit/xmlunit-core/2.8.4/xmlunit-core-2.8.4.jar:/Users/edwintumax/.m2/repository/com/google/code/gson/gson/2.8.6/gson-2.8.6.jar:/Users/edwintumax/.m2/repository/io/vertx/vertx-config/3.9.0/vertx-config-3.9.0.jar:/Users/edwintumax/.m2/repository/io/vertx/vertx-core/3.9.0/vertx-core-3.9.0.jar:/Users/edwintumax/.m2/repository/io/netty/netty-common/4.1.76.Final/netty-common-4.1.76.Final.jar:/Users/edwintumax/.m2/repository/io/netty/netty-buffer/4.1.76.Final/netty-buffer-4.1.76.Final.jar:/Users/edwintumax/.m2/repository/io/netty/netty-transport/4.1.76.Final/netty-transport-4.1.76.Final.jar:/Users/edwintumax/.m2/repository/io/netty/netty-handler/4.1.76.Final/netty-handler-4.1.76.Final.jar:/Users/edwintumax/.m2/repository/io/netty/netty-codec/4.1.76.Final/netty-codec-4.1.76.Final.jar:/Users/edwintumax/.m2/repository/io/netty/netty-handler-proxy/4.1.76.Final/netty-handler-proxy-4.1.76.Final.jar:/Users/edwintumax/.m2/repository/io/netty/netty-codec-socks/4.1.76.Final/netty-codec-socks-4.1.76.Final.jar:/Users/edwintumax/.m2/repository/io/netty/netty-codec-http/4.1.76.Final/netty-codec-http-4.1.76.Final.jar:/Users/edwintumax/.m2/repository/io/netty/netty-codec-http2/4.1.76.Final/netty-codec-http2-4.1.76.Final.jar:/Users/edwintumax/.m2/repository/io/netty/netty-resolver/4.1.76.Final/netty-resolver-4.1.76.Final.jar:/Users/edwintumax/.m2/repository/io/netty/netty-resolver-dns/4.1.76.Final/netty-resolver-dns-4.1.76.Final.jar:/Users/edwintumax/.m2/repository/io/netty/netty-codec-dns/4.1.76.Final/netty-codec-dns-4.1.76.Final.jar:/Users/edwintumax/.m2/repository/com/fasterxml/jackson/core/jackson-core/2.13.2/jackson-core-2.13.2.jar:/Users/edwintumax/.m2/repository/io/vertx/vertx-rabbitmq-client/3.9.0/vertx-rabbitmq-client-3.9.0.jar:/Users/edwintumax/.m2/repository/org/slf4j/slf4j-api/1.7.36/slf4j-api-1.7.36.jar:/Users/edwintumax/.m2/repository/com/rabbitmq/amqp-client/5.13.1/amqp-client-5.13.1.jar:/Users/edwintumax/.m2/repository/org/springframework/boot/spring-boot-starter-actuator/2.6.7/spring-boot-starter-actuator-2.6.7.jar:/Users/edwintumax/.m2/repository/org/springframework/boot/spring-boot-actuator-autoconfigure/2.6.7/spring-boot-actuator-autoconfigure-2.6.7.jar:/Users/edwintumax/.m2/repository/org/springframework/boot/spring-boot-actuator/2.6.7/spring-boot-actuator-2.6.7.jar:/Users/edwintumax/.m2/repository/io/micrometer/micrometer-core/1.8.5/micrometer-core-1.8.5.jar:/Users/edwintumax/.m2/repository/org/latencyutils/LatencyUtils/2.0.3/LatencyUtils-2.0.3.jar:/Users/edwintumax/.m2/repository/io/vertx/vertx-circuit-breaker/3.9.0/vertx-circuit-breaker-3.9.0.jar:/Users/edwintumax/.m2/repository/org/hdrhistogram/HdrHistogram/2.1.10/HdrHistogram-2.1.10.jar:/Users/edwintumax/.m2/repository/javax/javaee-api/8.0.1/javaee-api-8.0.1.jar:/Users/edwintumax/.m2/repository/com/sun/mail/javax.mail/1.6.2/javax.mail-1.6.2.jar:/Users/edwintumax/.m2/repository/javax/activation/activation/1.1/activation-1.1.jar:/Users/edwintumax/.m2/repository/javax/jws/javax.jws-api/1.1/javax.jws-api-1.1.jar:/Users/edwintumax/.m2/repository/io/vertx/vertx-health-check/3.9.0/vertx-health-check-3.9.0.jar:/Users/edwintumax/.m2/repository/io/vertx/vertx-web/3.9.0/vertx-web-3.9.0.jar:/Users/edwintumax/.m2/repository/io/vertx/vertx-web-common/3.9.0/vertx-web-common-3.9.0.jar:/Users/edwintumax/.m2/repository/io/vertx/vertx-bridge-common/3.9.0/vertx-bridge-common-3.9.0.jar:/Users/edwintumax/.m2/repository/io/vertx/vertx-auth-common/3.9.0/vertx-auth-common-3.9.0.jar:"/>
    <property name="java.vm.vendor" value="Temurin"/>
    <property name="sun.arch.data.model" value="64"/>
    <property name="java.vendor.url" value="https://adoptium.net/"/>
    <property name="user.timezone" value=""/>
    <property name="user.country.format" value="GT"/>
    <property name="java.vm.specification.version" value="1.8"/>
    <property name="os.name" value="Mac OS X"/>
    <property name="user.country" value="419"/>
    <property name="sun.java.launcher" value="SUN_STANDARD"/>
    <property name="sun.boot.library.path" value="/Users/edwintumax/Library/Java/JavaVirtualMachines/temurin-1.8.0_312/Contents/Home/jre/lib"/>
    <property name="sun.java.command" value="/Users/edwintumax/Documents/kinal/java/prod/WorkerEnrollment/target/surefire/surefirebooter5381888281293969347.jar /Users/edwintumax/Documents/kinal/java/prod/WorkerEnrollment/target/surefire 2022-05-21T16-32-38_662-jvmRun1 surefire1124585097370732453tmp surefire_04941036917903831227tmp"/>
    <property name="http.nonProxyHosts" value="local|*.local|169.254/16|*.169.254/16"/>
    <property name="surefire.test.class.path" value="/Users/edwintumax/Documents/kinal/java/prod/WorkerEnrollment/target/test-classes:/Users/edwintumax/Documents/kinal/java/prod/WorkerEnrollment/target/classes:/Users/edwintumax/.m2/repository/org/springframework/boot/spring-boot-starter-web/2.6.7/spring-boot-starter-web-2.6.7.jar:/Users/edwintumax/.m2/repository/org/springframework/boot/spring-boot-starter/2.6.7/spring-boot-starter-2.6.7.jar:/Users/edwintumax/.m2/repository/org/springframework/boot/spring-boot/2.6.7/spring-boot-2.6.7.jar:/Users/edwintumax/.m2/repository/org/springframework/boot/spring-boot-autoconfigure/2.6.7/spring-boot-autoconfigure-2.6.7.jar:/Users/edwintumax/.m2/repository/org/springframework/boot/spring-boot-starter-logging/2.6.7/spring-boot-starter-logging-2.6.7.jar:/Users/edwintumax/.m2/repository/ch/qos/logback/logback-classic/1.2.11/logback-classic-1.2.11.jar:/Users/edwintumax/.m2/repository/ch/qos/logback/logback-core/1.2.11/logback-core-1.2.11.jar:/Users/edwintumax/.m2/repository/org/apache/logging/log4j/log4j-to-slf4j/2.17.2/log4j-to-slf4j-2.17.2.jar:/Users/edwintumax/.m2/repository/org/apache/logging/log4j/log4j-api/2.17.2/log4j-api-2.17.2.jar:/Users/edwintumax/.m2/repository/org/slf4j/jul-to-slf4j/1.7.36/jul-to-slf4j-1.7.36.jar:/Users/edwintumax/.m2/repository/jakarta/annotation/jakarta.annotation-api/1.3.5/jakarta.annotation-api-1.3.5.jar:/Users/edwintumax/.m2/repository/org/yaml/snakeyaml/1.29/snakeyaml-1.29.jar:/Users/edwintumax/.m2/repository/org/springframework/boot/spring-boot-starter-json/2.6.7/spring-boot-starter-json-2.6.7.jar:/Users/edwintumax/.m2/repository/com/fasterxml/jackson/core/jackson-databind/2.13.2.1/jackson-databind-2.13.2.1.jar:/Users/edwintumax/.m2/repository/com/fasterxml/jackson/core/jackson-annotations/2.13.2/jackson-annotations-2.13.2.jar:/Users/edwintumax/.m2/repository/com/fasterxml/jackson/datatype/jackson-datatype-jdk8/2.13.2/jackson-datatype-jdk8-2.13.2.jar:/Users/edwintumax/.m2/repository/com/fasterxml/jackson/datatype/jackson-datatype-jsr310/2.13.2/jackson-datatype-jsr310-2.13.2.jar:/Users/edwintumax/.m2/repository/com/fasterxml/jackson/module/jackson-module-parameter-names/2.13.2/jackson-module-parameter-names-2.13.2.jar:/Users/edwintumax/.m2/repository/org/springframework/boot/spring-boot-starter-tomcat/2.6.7/spring-boot-starter-tomcat-2.6.7.jar:/Users/edwintumax/.m2/repository/org/apache/tomcat/embed/tomcat-embed-core/9.0.62/tomcat-embed-core-9.0.62.jar:/Users/edwintumax/.m2/repository/org/apache/tomcat/embed/tomcat-embed-el/9.0.62/tomcat-embed-el-9.0.62.jar:/Users/edwintumax/.m2/repository/org/apache/tomcat/embed/tomcat-embed-websocket/9.0.62/tomcat-embed-websocket-9.0.62.jar:/Users/edwintumax/.m2/repository/org/springframework/spring-web/5.3.19/spring-web-5.3.19.jar:/Users/edwintumax/.m2/repository/org/springframework/spring-beans/5.3.19/spring-beans-5.3.19.jar:/Users/edwintumax/.m2/repository/org/springframework/spring-webmvc/5.3.19/spring-webmvc-5.3.19.jar:/Users/edwintumax/.m2/repository/org/springframework/spring-aop/5.3.19/spring-aop-5.3.19.jar:/Users/edwintumax/.m2/repository/org/springframework/spring-context/5.3.19/spring-context-5.3.19.jar:/Users/edwintumax/.m2/repository/org/springframework/spring-expression/5.3.19/spring-expression-5.3.19.jar:/Users/edwintumax/.m2/repository/org/projectlombok/lombok/1.18.24/lombok-1.18.24.jar:/Users/edwintumax/.m2/repository/org/springframework/boot/spring-boot-starter-test/2.6.7/spring-boot-starter-test-2.6.7.jar:/Users/edwintumax/.m2/repository/org/springframework/boot/spring-boot-test/2.6.7/spring-boot-test-2.6.7.jar:/Users/edwintumax/.m2/repository/org/springframework/boot/spring-boot-test-autoconfigure/2.6.7/spring-boot-test-autoconfigure-2.6.7.jar:/Users/edwintumax/.m2/repository/com/jayway/jsonpath/json-path/2.6.0/json-path-2.6.0.jar:/Users/edwintumax/.m2/repository/net/minidev/json-smart/2.4.8/json-smart-2.4.8.jar:/Users/edwintumax/.m2/repository/net/minidev/accessors-smart/2.4.8/accessors-smart-2.4.8.jar:/Users/edwintumax/.m2/repository/org/ow2/asm/asm/9.1/asm-9.1.jar:/Users/edwintumax/.m2/repository/jakarta/xml/bind/jakarta.xml.bind-api/2.3.3/jakarta.xml.bind-api-2.3.3.jar:/Users/edwintumax/.m2/repository/jakarta/activation/jakarta.activation-api/1.2.2/jakarta.activation-api-1.2.2.jar:/Users/edwintumax/.m2/repository/org/assertj/assertj-core/3.21.0/assertj-core-3.21.0.jar:/Users/edwintumax/.m2/repository/org/hamcrest/hamcrest/2.2/hamcrest-2.2.jar:/Users/edwintumax/.m2/repository/org/junit/jupiter/junit-jupiter/5.8.2/junit-jupiter-5.8.2.jar:/Users/edwintumax/.m2/repository/org/junit/jupiter/junit-jupiter-api/5.8.2/junit-jupiter-api-5.8.2.jar:/Users/edwintumax/.m2/repository/org/opentest4j/opentest4j/1.2.0/opentest4j-1.2.0.jar:/Users/edwintumax/.m2/repository/org/junit/platform/junit-platform-commons/1.8.2/junit-platform-commons-1.8.2.jar:/Users/edwintumax/.m2/repository/org/apiguardian/apiguardian-api/1.1.2/apiguardian-api-1.1.2.jar:/Users/edwintumax/.m2/repository/org/junit/jupiter/junit-jupiter-params/5.8.2/junit-jupiter-params-5.8.2.jar:/Users/edwintumax/.m2/repository/org/junit/jupiter/junit-jupiter-engine/5.8.2/junit-jupiter-engine-5.8.2.jar:/Users/edwintumax/.m2/repository/org/junit/platform/junit-platform-engine/1.8.2/junit-platform-engine-1.8.2.jar:/Users/edwintumax/.m2/repository/org/mockito/mockito-core/4.0.0/mockito-core-4.0.0.jar:/Users/edwintumax/.m2/repository/net/bytebuddy/byte-buddy/1.11.22/byte-buddy-1.11.22.jar:/Users/edwintumax/.m2/repository/net/bytebuddy/byte-buddy-agent/1.11.22/byte-buddy-agent-1.11.22.jar:/Users/edwintumax/.m2/repository/org/objenesis/objenesis/3.2/objenesis-3.2.jar:/Users/edwintumax/.m2/repository/org/mockito/mockito-junit-jupiter/4.0.0/mockito-junit-jupiter-4.0.0.jar:/Users/edwintumax/.m2/repository/org/skyscreamer/jsonassert/1.5.0/jsonassert-1.5.0.jar:/Users/edwintumax/.m2/repository/com/vaadin/external/google/android-json/0.0.20131108.vaadin1/android-json-0.0.20131108.vaadin1.jar:/Users/edwintumax/.m2/repository/org/springframework/spring-core/5.3.19/spring-core-5.3.19.jar:/Users/edwintumax/.m2/repository/org/springframework/spring-jcl/5.3.19/spring-jcl-5.3.19.jar:/Users/edwintumax/.m2/repository/org/springframework/spring-test/5.3.19/spring-test-5.3.19.jar:/Users/edwintumax/.m2/repository/org/xmlunit/xmlunit-core/2.8.4/xmlunit-core-2.8.4.jar:/Users/edwintumax/.m2/repository/com/google/code/gson/gson/2.8.6/gson-2.8.6.jar:/Users/edwintumax/.m2/repository/io/vertx/vertx-config/3.9.0/vertx-config-3.9.0.jar:/Users/edwintumax/.m2/repository/io/vertx/vertx-core/3.9.0/vertx-core-3.9.0.jar:/Users/edwintumax/.m2/repository/io/netty/netty-common/4.1.76.Final/netty-common-4.1.76.Final.jar:/Users/edwintumax/.m2/repository/io/netty/netty-buffer/4.1.76.Final/netty-buffer-4.1.76.Final.jar:/Users/edwintumax/.m2/repository/io/netty/netty-transport/4.1.76.Final/netty-transport-4.1.76.Final.jar:/Users/edwintumax/.m2/repository/io/netty/netty-handler/4.1.76.Final/netty-handler-4.1.76.Final.jar:/Users/edwintumax/.m2/repository/io/netty/netty-codec/4.1.76.Final/netty-codec-4.1.76.Final.jar:/Users/edwintumax/.m2/repository/io/netty/netty-handler-proxy/4.1.76.Final/netty-handler-proxy-4.1.76.Final.jar:/Users/edwintumax/.m2/repository/io/netty/netty-codec-socks/4.1.76.Final/netty-codec-socks-4.1.76.Final.jar:/Users/edwintumax/.m2/repository/io/netty/netty-codec-http/4.1.76.Final/netty-codec-http-4.1.76.Final.jar:/Users/edwintumax/.m2/repository/io/netty/netty-codec-http2/4.1.76.Final/netty-codec-http2-4.1.76.Final.jar:/Users/edwintumax/.m2/repository/io/netty/netty-resolver/4.1.76.Final/netty-resolver-4.1.76.Final.jar:/Users/edwintumax/.m2/repository/io/netty/netty-resolver-dns/4.1.76.Final/netty-resolver-dns-4.1.76.Final.jar:/Users/edwintumax/.m2/repository/io/netty/netty-codec-dns/4.1.76.Final/netty-codec-dns-4.1.76.Final.jar:/Users/edwintumax/.m2/repository/com/fasterxml/jackson/core/jackson-core/2.13.2/jackson-core-2.13.2.jar:/Users/edwintumax/.m2/repository/io/vertx/vertx-rabbitmq-client/3.9.0/vertx-rabbitmq-client-3.9.0.jar:/Users/edwintumax/.m2/repository/org/slf4j/slf4j-api/1.7.36/slf4j-api-1.7.36.jar:/Users/edwintumax/.m2/repository/com/rabbitmq/amqp-client/5.13.1/amqp-client-5.13.1.jar:/Users/edwintumax/.m2/repository/org/springframework/boot/spring-boot-starter-actuator/2.6.7/spring-boot-starter-actuator-2.6.7.jar:/Users/edwintumax/.m2/repository/org/springframework/boot/spring-boot-actuator-autoconfigure/2.6.7/spring-boot-actuator-autoconfigure-2.6.7.jar:/Users/edwintumax/.m2/repository/org/springframework/boot/spring-boot-actuator/2.6.7/spring-boot-actuator-2.6.7.jar:/Users/edwintumax/.m2/repository/io/micrometer/micrometer-core/1.8.5/micrometer-core-1.8.5.jar:/Users/edwintumax/.m2/repository/org/latencyutils/LatencyUtils/2.0.3/LatencyUtils-2.0.3.jar:/Users/edwintumax/.m2/repository/io/vertx/vertx-circuit-breaker/3.9.0/vertx-circuit-breaker-3.9.0.jar:/Users/edwintumax/.m2/repository/org/hdrhistogram/HdrHistogram/2.1.10/HdrHistogram-2.1.10.jar:/Users/edwintumax/.m2/repository/javax/javaee-api/8.0.1/javaee-api-8.0.1.jar:/Users/edwintumax/.m2/repository/com/sun/mail/javax.mail/1.6.2/javax.mail-1.6.2.jar:/Users/edwintumax/.m2/repository/javax/activation/activation/1.1/activation-1.1.jar:/Users/edwintumax/.m2/repository/javax/jws/javax.jws-api/1.1/javax.jws-api-1.1.jar:/Users/edwintumax/.m2/repository/io/vertx/vertx-health-check/3.9.0/vertx-health-check-3.9.0.jar:/Users/edwintumax/.m2/repository/io/vertx/vertx-web/3.9.0/vertx-web-3.9.0.jar:/Users/edwintumax/.m2/repository/io/vertx/vertx-web-common/3.9.0/vertx-web-common-3.9.0.jar:/Users/edwintumax/.m2/repository/io/vertx/vertx-bridge-common/3.9.0/vertx-bridge-common-3.9.0.jar:/Users/edwintumax/.m2/repository/io/vertx/vertx-auth-common/3.9.0/vertx-auth-common-3.9.0.jar:"/>
    <property name="sun.cpu.endian" value="little"/>
    <property name="user.home" value="/Users/edwintumax"/>
    <property name="user.language" value="es"/>
    <property name="java.specification.vendor" value="Oracle Corporation"/>
    <property name="java.home" value="/Users/edwintumax/Library/Java/JavaVirtualMachines/temurin-1.8.0_312/Contents/Home/jre"/>
    <property name="basedir" value="/Users/edwintumax/Documents/kinal/java/prod/WorkerEnrollment"/>
    <property name="file.separator" value="/"/>
    <property name="line.separator" value="&#10;"/>
    <property name="java.vm.specification.vendor" value="Oracle Corporation"/>
    <property name="java.specification.name" value="Java Platform API Specification"/>
    <property name="java.awt.graphicsenv" value="sun.awt.CGraphicsEnvironment"/>
    <property name="surefire.real.class.path" value="/Users/edwintumax/Documents/kinal/java/prod/WorkerEnrollment/target/surefire/surefirebooter5381888281293969347.jar"/>
    <property name="sun.boot.class.path" value="/Users/edwintumax/Library/Java/JavaVirtualMachines/temurin-1.8.0_312/Contents/Home/jre/lib/resources.jar:/Users/edwintumax/Library/Java/JavaVirtualMachines/temurin-1.8.0_312/Contents/Home/jre/lib/rt.jar:/Users/edwintumax/Library/Java/JavaVirtualMachines/temurin-1.8.0_312/Contents/Home/jre/lib/sunrsasign.jar:/Users/edwintumax/Library/Java/JavaVirtualMachines/temurin-1.8.0_312/Contents/Home/jre/lib/jsse.jar:/Users/edwintumax/Library/Java/JavaVirtualMachines/temurin-1.8.0_312/Contents/Home/jre/lib/jce.jar:/Users/edwintumax/Library/Java/JavaVirtualMachines/temurin-1.8.0_312/Contents/Home/jre/lib/charsets.jar:/Users/edwintumax/Library/Java/JavaVirtualMachines/temurin-1.8.0_312/Contents/Home/jre/lib/jfr.jar:/Users/edwintumax/Library/Java/JavaVirtualMachines/temurin-1.8.0_312/Contents/Home/jre/classes"/>
    <property name="sun.management.compiler" value="HotSpot 64-Bit Tiered Compilers"/>
    <property name="ftp.nonProxyHosts" value="local|*.local|169.254/16|*.169.254/16"/>
    <property name="java.runtime.version" value="1.8.0_312-b07"/>
    <property name="user.name" value="edwintumax"/>
    <property name="path.separator" value=":"/>
    <property name="os.version" value="10.16"/>
    <property name="java.endorsed.dirs" value="/Users/edwintumax/Library/Java/JavaVirtualMachines/temurin-1.8.0_312/Contents/Home/jre/lib/endorsed"/>
    <property name="java.runtime.name" value="OpenJDK Runtime Environment"/>
    <property name="file.encoding" value="US-ASCII"/>
    <property name="java.vm.name" value="OpenJDK 64-Bit Server VM"/>
    <property name="localRepository" value="/Users/edwintumax/.m2/repository"/>
    <property name="java.vendor.url.bug" value="https://github.com/adoptium/adoptium-support/issues"/>
    <property name="java.io.tmpdir" value="/var/folders/l5/dprrlq5x2c35rzq5sswzmmsh0000gn/T/"/>
    <property name="idea.version" value="2021.3.3"/>
    <property name="java.version" value="1.8.0_312"/>
    <property name="user.dir" value="/Users/edwintumax/Documents/kinal/java/prod/WorkerEnrollment"/>
    <property name="os.arch" value="x86_64"/>
    <property name="java.vm.specification.name" value="Java Virtual Machine Specification"/>
    <property name="java.awt.printerjob" value="sun.lwawt.macosx.CPrinterJob"/>
    <property name="sun.os.patch.level" value="unknown"/>
    <property name="java.library.path" value="/Users/edwintumax/Library/Java/Extensions:/Library/Java/Extensions:/Network/Library/Java/Extensions:/System/Library/Java/Extensions:/usr/lib/java:."/>
    <property name="java.vm.info" value="mixed mode"/>
    <property name="java.vendor" value="Temurin"/>
    <property name="java.vm.version" value="25.312-b07"/>
    <property name="java.ext.dirs" value="/Users/edwintumax/Library/Java/Extensions:/Users/edwintumax/Library/Java/JavaVirtualMachines/temurin-1.8.0_312/Contents/Home/jre/lib/ext:/Library/Java/Extensions:/Network/Library/Java/Extensions:/System/Library/Java/Extensions:/usr/lib/java"/>
    <property name="sun.io.unicode.encoding" value="UnicodeBig"/>
    <property name="java.class.version" value="52.0"/>
    <property name="socksNonProxyHosts" value="local|*.local|169.254/16|*.169.254/16"/>
  </properties>
  <testcase name="contextLoads" classname="edu.kalum.workerenrollment.core.WorkerEnrollmentApplicationTests" time="0.259"/>
</testsuite>